This file contains any messages produced by compilers while
running configure, to aid debugging if configure makes a mistake.

It was created by configure, which was
generated by GNU Autoconf 2.59.  Invocation command line was

  $ ./configure 

## --------- ##
## Platform. ##
## --------- ##

hostname = seaport
uname -m = i686
uname -r = 2.4.26
uname -s = Linux
uname -v = #6 Mon Jun 14 19:07:27 PDT 2004

/usr/bin/uname -p = unknown
/bin/uname -X     = unknown

/bin/arch              = i686
/usr/bin/arch -k       = unknown
/usr/convex/getsysinfo = unknown
hostinfo               = unknown
/bin/machine           = unknown
/usr/bin/oslevel       = unknown
/bin/universe          = unknown

PATH: /opt/mbse/bin
PATH: /usr/local/bin
PATH: /usr/bin
PATH: /bin
PATH: /usr/X11R6/bin
PATH: /usr/games
PATH: /usr/lib/java/bin
PATH: /usr/lib/java/jre/bin
PATH: /opt/kde/bin
PATH: /usr/lib/qt/bin
PATH: /usr/share/texmf/bin
PATH: .


## ----------- ##
## Core tests. ##
## ----------- ##

configure:1328: checking for gcc
configure:1344: found /usr/bin/gcc
configure:1354: result: gcc
configure:1598: checking for C compiler version
configure:1601: gcc --version </dev/null >&5
gcc (GCC) 3.3.4
Copyright (C) 2003 Free Software Foundation, Inc.
This is free software; see the source for copying conditions.  There is NO
warranty; not even for MERCHANTABILITY or FITNESS FOR A PARTICULAR PURPOSE.

configure:1604: $? = 0
configure:1606: gcc -v </dev/null >&5
Reading specs from /usr/lib/gcc-lib/i486-slackware-linux/3.3.4/specs
Configured with: ../gcc-3.3.4/configure --prefix=/usr --enable-shared --enable-threads=posix --enable-__cxa_atexit --disable-checking --with-gnu-ld --verbose --target=i486-slackware-linux --host=i486-slackware-linux
Thread model: posix
gcc version 3.3.4
configure:1609: $? = 0
configure:1611: gcc -V </dev/null >&5
gcc: `-V' option must have argument
configure:1614: $? = 1
configure:1637: checking for C compiler default output file name
configure:1640: gcc    conftest.c  >&5
configure:1643: $? = 0
configure:1689: result: a.out
configure:1694: checking whether the C compiler works
configure:1700: ./a.out
configure:1703: $? = 0
configure:1720: result: yes
configure:1727: checking whether we are cross compiling
configure:1729: result: no
configure:1732: checking for suffix of executables
configure:1734: gcc -o conftest    conftest.c  >&5
configure:1737: $? = 0
configure:1762: result: 
configure:1768: checking for suffix of object files
configure:1789: gcc -c   conftest.c >&5
configure:1792: $? = 0
configure:1814: result: o
configure:1818: checking whether we are using the GNU C compiler
configure:1842: gcc -c   conftest.c >&5
configure:1848: $? = 0
configure:1852: test -z 
			 || test ! -s conftest.err
configure:1855: $? = 0
configure:1858: test -s conftest.o
configure:1861: $? = 0
configure:1874: result: yes
configure:1880: checking whether gcc accepts -g
configure:1901: gcc -c -g  conftest.c >&5
configure:1907: $? = 0
configure:1911: test -z 
			 || test ! -s conftest.err
configure:1914: $? = 0
configure:1917: test -s conftest.o
configure:1920: $? = 0
configure:1931: result: yes
configure:1948: checking for gcc option to accept ANSI C
configure:2018: gcc  -c -g -O2  conftest.c >&5
configure:2024: $? = 0
configure:2028: test -z 
			 || test ! -s conftest.err
configure:2031: $? = 0
configure:2034: test -s conftest.o
configure:2037: $? = 0
configure:2055: result: none needed
configure:2073: gcc -c -g -O2  conftest.c >&5
conftest.c:2: error: parse error before "me"
configure:2079: $? = 1
configure: failed program was:
| #ifndef __cplusplus
|   choke me
| #endif
configure:2214: checking for ginstall
configure:2230: found /usr/bin/ginstall
configure:2240: result: ginstall
configure:2249: checking for install
configure:2275: result: ginstall
configure:2282: checking whether make sets $(MAKE)
configure:2302: result: yes
configure:2352: checking for ranlib
configure:2368: found /usr/bin/ranlib
configure:2379: result: ranlib
configure:2393: checking for tar
configure:2409: found /usr/bin/tar
configure:2419: result: tar
configure:2428: checking for zip
configure:2444: found /usr/bin/zip
configure:2454: result: zip
configure:2463: checking for chown
configure:2482: found /bin/chown
configure:2495: result: /bin/chown
configure:2510: checking how to run the C preprocessor
configure:2545: gcc -E  conftest.c
configure:2551: $? = 0
configure:2583: gcc -E  conftest.c
conftest.c:12:28: ac_nonexistent.h: No such file or directory
configure:2589: $? = 1
configure: failed program was:
| /* confdefs.h.  */
| 
| #define PACKAGE_NAME ""
| #define PACKAGE_TARNAME ""
| #define PACKAGE_VERSION ""
| #define PACKAGE_STRING ""
| #define PACKAGE_BUGREPORT ""
| #define VERSION "0.1.3"
| #define COPYRIGHT "Copyright (C) 2002-2004 Michiel Broek, All Rights Reserved"
| #define SHORTRIGHT "Copyright (C) 2002-2004 M. Broek"
| /* end confdefs.h.  */
| #include <ac_nonexistent.h>
configure:2628: result: gcc -E
configure:2652: gcc -E  conftest.c
configure:2658: $? = 0
configure:2690: gcc -E  conftest.c
conftest.c:12:28: ac_nonexistent.h: No such file or directory
configure:2696: $? = 1
configure: failed program was:
| /* confdefs.h.  */
| 
| #define PACKAGE_NAME ""
| #define PACKAGE_TARNAME ""
| #define PACKAGE_VERSION ""
| #define PACKAGE_STRING ""
| #define PACKAGE_BUGREPORT ""
| #define VERSION "0.1.3"
| #define COPYRIGHT "Copyright (C) 2002-2004 Michiel Broek, All Rights Reserved"
| #define SHORTRIGHT "Copyright (C) 2002-2004 M. Broek"
| /* end confdefs.h.  */
| #include <ac_nonexistent.h>
configure:2740: checking for egrep
configure:2750: result: grep -E
configure:2755: checking for ANSI C header files
configure:2780: gcc -c -g -O2 -Wall -Wshadow -Wwrite-strings -Wstrict-prototypes  conftest.c >&5
conftest.c:19: warning: function declaration isn't a prototype
configure:2786: $? = 0
configure:2790: test -z 
			 || test ! -s conftest.err
configure:2793: $? = 0
configure:2796: test -s conftest.o
configure:2799: $? = 0
configure:2885: gcc -o conftest -g -O2 -Wall -Wshadow -Wwrite-strings -Wstrict-prototypes   conftest.c  >&5
conftest.c:24: warning: function declaration isn't a prototype
conftest.c: In function `main':
conftest.c:29: warning: implicit declaration of function `exit'
configure:2888: $? = 0
configure:2890: ./conftest
configure:2893: $? = 0
configure:2908: result: yes
configure:2918: checking whether time.h and sys/time.h may both be included
configure:2943: gcc -c -g -O2 -Wall -Wshadow -Wwrite-strings -Wstrict-prototypes  conftest.c >&5
conftest.c:19: warning: function declaration isn't a prototype
configure:2949: $? = 0
configure:2953: test -z 
			 || test ! -s conftest.err
configure:2956: $? = 0
configure:2959: test -s conftest.o
configure:2962: $? = 0
configure:2973: result: yes
configure:2983: checking whether struct tm is in sys/time.h or time.h
configure:3006: gcc -c -g -O2 -Wall -Wshadow -Wwrite-strings -Wstrict-prototypes  conftest.c >&5
conftest.c:19: warning: function declaration isn't a prototype
conftest.c: In function `main':
conftest.c:20: warning: statement with no effect
configure:3012: $? = 0
configure:3016: test -z 
			 || test ! -s conftest.err
configure:3019: $? = 0
configure:3022: test -s conftest.o
configure:3025: $? = 0
configure:3036: result: time.h
configure:3046: checking for struct tm.tm_zone
configure:3072: gcc -c -g -O2 -Wall -Wshadow -Wwrite-strings -Wstrict-prototypes  conftest.c >&5
conftest.c:20: warning: function declaration isn't a prototype
configure:3078: $? = 0
configure:3082: test -z 
			 || test ! -s conftest.err
configure:3085: $? = 0
configure:3088: test -s conftest.o
configure:3091: $? = 0
configure:3151: result: yes
configure:3237: checking whether stat file-mode macros are broken
configure:3285: result: no
configure:3393: creating ./config.status

## ---------------------- ##
## Running config.status. ##
## ---------------------- ##

This file was extended by config.status, which was
generated by GNU Autoconf 2.59.  Invocation command line was

  CONFIG_FILES    = 
  CONFIG_HEADERS  = 
  CONFIG_LINKS    = 
  CONFIG_COMMANDS = 
  $ ./config.status 

on seaport

config.status:665: creating Makefile.global
config.status:665: creating FILE_ID.DIZ
config.status:768: creating config.h
config.status:1022: executing default-1 commands

## ---------------- ##
## Cache variables. ##
## ---------------- ##

ac_cv_c_compiler_gnu=yes
ac_cv_env_CC_set=
ac_cv_env_CC_value=
ac_cv_env_CFLAGS_set=
ac_cv_env_CFLAGS_value=
ac_cv_env_CPPFLAGS_set=
ac_cv_env_CPPFLAGS_value=
ac_cv_env_CPP_set=
ac_cv_env_CPP_value=
ac_cv_env_LDFLAGS_set=
ac_cv_env_LDFLAGS_value=
ac_cv_env_build_alias_set=
ac_cv_env_build_alias_value=
ac_cv_env_host_alias_set=
ac_cv_env_host_alias_value=
ac_cv_env_target_alias_set=
ac_cv_env_target_alias_value=
ac_cv_exeext=
ac_cv_header_stat_broken=no
ac_cv_header_stdc=yes
ac_cv_header_time=yes
ac_cv_member_struct_tm_tm_zone=yes
ac_cv_objext=o
ac_cv_path_CHOWN=/bin/chown
ac_cv_prog_CPP='gcc -E'
ac_cv_prog_INSTALL=ginstall
ac_cv_prog_TAR=tar
ac_cv_prog_ZIP=zip
ac_cv_prog_ac_ct_CC=gcc
ac_cv_prog_ac_ct_RANLIB=ranlib
ac_cv_prog_cc_g=yes
ac_cv_prog_cc_stdc=
ac_cv_prog_egrep='grep -E'
ac_cv_prog_make_make_set=yes
ac_cv_struct_tm=time.h

## ----------------- ##
## Output variables. ##
## ----------------- ##

CC='gcc'
CFLAGS='-g -O2 -Wall -Wshadow -Wwrite-strings -Wstrict-prototypes'
CHOWN='/bin/chown'
COPYRIGHT='Copyright (C) 2002-2004 Michiel Broek, All Rights Reserved'
CPP='gcc -E'
CPPFLAGS=''
DEFS='-DHAVE_CONFIG_H'
ECHO_C=''
ECHO_N='-n'
ECHO_T=''
EGREP='grep -E'
EXEEXT=''
INSTALL='ginstall'
LDFLAGS=''
LIBOBJS=''
LIBS=''
LTLIBOBJS=''
OBJEXT='o'
PACKAGE='pktstat'
PACKAGE_BUGREPORT=''
PACKAGE_NAME=''
PACKAGE_STRING=''
PACKAGE_TARNAME=''
PACKAGE_VERSION=''
PATH_SEPARATOR=':'
RANLIB='ranlib'
SET_MAKE=''
SHELL='/bin/sh'
SUBDIRS='src'
TAR='tar'
VERSION='0.1.3'
ZIP='zip'
ac_ct_CC='gcc'
ac_ct_RANLIB='ranlib'
bindir='${exec_prefix}/bin'
build_alias=''
datadir='${prefix}/share'
exec_prefix='${prefix}'
host_alias=''
includedir='${prefix}/include'
infodir='${prefix}/info'
libdir='${exec_prefix}/lib'
libexecdir='${exec_prefix}/libexec'
localstatedir='${prefix}/var'
mandir='${prefix}/man'
oldincludedir='/usr/include'
prefix='/opt/mbse'
program_transform_name='s,x,x,'
sbindir='${exec_prefix}/sbin'
sharedstatedir='${prefix}/com'
sysconfdir='${prefix}/etc'
target_alias=''

## ----------- ##
## confdefs.h. ##
## ----------- ##

#define COPYRIGHT "Copyright (C) 2002-2004 Michiel Broek, All Rights Reserved"
#define HAVE_STRUCT_TM_TM_ZONE 1
#define HAVE_TM_ZONE 1
#define PACKAGE_BUGREPORT ""
#define PACKAGE_NAME ""
#define PACKAGE_STRING ""
#define PACKAGE_TARNAME ""
#define PACKAGE_VERSION ""
#define SHORTRIGHT "Copyright (C) 2002-2004 M. Broek"
#define STDC_HEADERS 1
#define TIME_WITH_SYS_TIME 1
#define VERSION "0.1.3"

configure: exit 0
